This is e-upTeX, Version 3.141592653-p4.1.2-u2.00-250202-2.6 (utf8.sjis) (TeX Live 2025) (preloaded format=platex 2025.12.27)  15 JAN 2026 17:10
entering extended mode
 restricted \write18 enabled.
 file:line:error style messages enabled.
 %&-line parsing enabled.
**c:/Users/yudai/Documents/sotulatex/sotu_final.tex
(c:/Users/yudai/Documents/sotulatex/sotu_final.tex
pLaTeX2e <2023-02-14>+1, based on
LaTeX2e <2025-11-01>
L3 programming layer <2025-12-24>
(c:/texlive/2025/texmf-dist/tex/uplatex/base/ujreport.cls
Document Class: ujreport 2020/09/30 v1.8f-u00 Standard upLaTeX class
\c@@paper=\count274
(c:/texlive/2025/texmf-dist/tex/uplatex/base/ujsize11.clo
File: ujsize11.clo 2020/09/30 v1.8f-u00 Standard upLaTeX file (size option)
)
\c@part=\count275
\c@chapter=\count276
\c@section=\count277
\c@subsection=\count278
\c@subsubsection=\count279
\c@paragraph=\count280
\c@subparagraph=\count281
\c@figure=\count282
\c@table=\count283
\abovecaptionskip=\skip49
\belowcaptionskip=\skip50

c:/texlive/2025/texmf-dist/tex/uplatex/base/ujreport.cls:703: LaTeX Error: Encoding scheme `JY2' unknown.

See the LaTeX manual or LaTeX Companion for explanation.
Type  H <return>  for immediate help.
 ...                                              
                                                  
l.703 ...\DeclareSymbolFont{mincho}{JY2}{mc}{m}{n}
                                                  
Your command was ignored.
Type  I <command> <return>  to replace it with another command,
or  <return>  to continue without it.

 
Here is how much of TeX's memory you used:
 264 strings out of 468182
 3459 string characters out of 5438210
 426578 words of memory out of 5000000
 29260 multiletter control sequences out of 15000+600000
 632355 words of font info for 60 fonts, out of 8000000 for 9000
 929 hyphenation exceptions out of 8191
 35i,0n,38p,189b,36s stack positions out of 10000i,1000n,20000p,200000b,200000s
No pages of output.
